<html>
<body>
<pre>
<h1>µVision Build Log</h1>
<h2>Tool Versions:</h2>
IDE-Version: µVision V5.26.2.0
Copyright (C) 2018 ARM Ltd and ARM Germany GmbH. All rights reserved.
License Information: Marcus fur, ITMO, LIC=----
 
Tool Versions:
Toolchain:       MDK-Lite  Version: 5.26.2.0
Toolchain Path:  D:\system\Keil_v5\ARM\ARMCC\Bin
C Compiler:      Armcc.exe V5.06 update 6 (build 750)
Assembler:       Armasm.exe V5.06 update 6 (build 750)
Linker/Locator:  ArmLink.exe V5.06 update 6 (build 750)
Library Manager: ArmAr.exe V5.06 update 6 (build 750)
Hex Converter:   FromElf.exe V5.06 update 6 (build 750)
CPU DLL:         SARMCM3.DLL V5.26.2.0
Dialog DLL:      DCM.DLL V1.17.2.0
Target DLL:      STLink\ST-LINKIII-KEIL_SWO.dll V3.0.5.0
Dialog DLL:      TCM.DLL V1.36.1.0
 
<h2>Project:</h2>
C:\Git_workspace\SMKB_UKOS\PCB-UART-Prototype\MDK-ARM\PCB-UART-Prototype.uvprojx
Project File Date:  12/14/2020

<h2>Output:</h2>
*** Using Compiler 'V5.06 update 6 (build 750)', folder: 'D:\system\Keil_v5\ARM\ARMCC\Bin'
Build target 'PCB-UART-Prototype'
compiling freqAnalysis.c...
..\Core\Src\freqAnalysis.c(20): error:  #18: expected a ")"
  void processSet(freqAnaliser &a, uint16_t resetLenght){
..\Core\Src\freqAnalysis.c(20): error:  #147-D: declaration is incompatible with "void processSet(freqAnaliser *, uint16_t)"  (declared at line 17 of "..\Core\Inc\freqAnalysis.h")
  void processSet(freqAnaliser &a, uint16_t resetLenght){
..\Core\Src\freqAnalysis.c(20): error:  #141-D: unnamed prototyped parameters not allowed when body is present
  void processSet(freqAnaliser &a, uint16_t resetLenght){
..\Core\Src\freqAnalysis.c(21): error:  #20: identifier "a" is undefined
  	a->time += (float)resetLenght / 10.;
..\Core\Src\freqAnalysis.c(21): error:  #20: identifier "resetLenght" is undefined
  	a->time += (float)resetLenght / 10.;
..\Core\Src\freqAnalysis.c(27): error:  #18: expected a ")"
  void processReset(freqAnaliser &a, uint16_t setLenght){
..\Core\Src\freqAnalysis.c(27): error:  #147-D: declaration is incompatible with "void processReset(freqAnaliser *, uint16_t)"  (declared at line 18 of "..\Core\Inc\freqAnalysis.h")
  void processReset(freqAnaliser &a, uint16_t setLenght){
..\Core\Src\freqAnalysis.c(27): error:  #141-D: unnamed prototyped parameters not allowed when body is present
  void processReset(freqAnaliser &a, uint16_t setLenght){
..\Core\Src\freqAnalysis.c(28): error:  #20: identifier "a" is undefined
  	a->time += (float)setLenght / 10.;
..\Core\Src\freqAnalysis.c(28): error:  #20: identifier "setLenght" is undefined
  	a->time += (float)setLenght / 10.;
..\Core\Src\freqAnalysis.c(32): error:  #18: expected a ")"
  int getScoreSquare(freqAnaliser &a){
..\Core\Src\freqAnalysis.c(32): error:  #147-D: declaration is incompatible with "int getScoreSquare(freqAnaliser *)"  (declared at line 19 of "..\Core\Inc\freqAnalysis.h")
  int getScoreSquare(freqAnaliser &a){
..\Core\Src\freqAnalysis.c(32): error:  #141-D: unnamed prototyped parameters not allowed when body is present
  int getScoreSquare(freqAnaliser &a){
..\Core\Src\freqAnalysis.c(33): error:  #20: identifier "a" is undefined
  	return powf(a->scoreReal, 2) + powf(a->scoreImag, 2);
..\Core\Src\freqAnalysis.c: 0 warnings, 14 errors
"PCB-UART-Prototype\PCB-UART-Prototype.axf" - 14 Error(s), 0 Warning(s).

<h2>Software Packages used:</h2>

Package Vendor: ARM
                http://www.keil.com/pack/ARM.CMSIS.5.4.0.pack
                ARM.CMSIS.5.4.0
                CMSIS (Cortex Microcontroller Software Interface Standard)
   * Component: CORE Version: 5.1.2

Package Vendor: Keil
                http://www.keil.com/pack/Keil.STM32F3xx_DFP.2.1.0.pack
                Keil.STM32F3xx_DFP.2.1.0
                STMicroelectronics STM32F3 Series Device Support and Examples

<h2>Collection of Component include folders:</h2>
  .\RTE\_PCB-UART-Prototype
  D:\system\Keil_v5\ARM\PACK\ARM\CMSIS\5.4.0\CMSIS\Core\Include
  D:\system\Keil_v5\ARM\PACK\Keil\STM32F3xx_DFP\2.1.0\Drivers\CMSIS\Device\ST\STM32F3xx\Include

<h2>Collection of Component Files used:</h2>

   * Component: ARM::CMSIS:CORE:5.1.2
Target not created.
Build Time Elapsed:  00:00:01
</pre>
</body>
</html>
